[Licensing::Module] Successfully connected to LicensingClient on channel: "LicenseClient-User"
Entitlement-based licensing initiated
[LicensingClient] Licenses updated successfully

LICENSE SYSTEM [2020624 21:23:41] Next license update check is after 2020-06-25T18:06:52

Built from '2020.1/release' branch; Version is '2020.1.0b9 (9c0aec301c8d) revision 10226412'; Using compiler version '192227905'; Build Type 'Release'
OS: 'Windows 10  (10.0.0) 64bit' Language: 'en' Physical Memory: 32678 MB
[Licensing::Module] Serial number assigned to: "F4-XHXR-CVVM-6ZRP-JNSQ-XXXX"
BatchMode: 1, IsHumanControllingUs: 0, StartBugReporterOnCrash: 0, Is64bit: 1, IsPro: 0

 COMMAND LINE ARGUMENTS:
C:\Program Files\Unity\2020.1.0b9\Editor\Unity.exe
-adb2
-batchMode
-noUpm
-name
AssetImportWorker1
-projectPath
E:/Documents/Game Projects/Unity/RTS/RTS
-logFile
Logs/AssetImportWorker1.log
-srvPort
2522
Successfully changed project path to: E:/Documents/Game Projects/Unity/RTS/RTS
E:/Documents/Game Projects/Unity/RTS/RTS
Using Asset Import Pipeline V2.
Refreshing native plugins compatible for Editor in 52.54 ms, found 0 plugins.
Preloading 0 native plugins for Editor in 0.00 ms.
Initialize engine version: 2020.1.0b9 (9c0aec301c8d)
[Subsystems] Discovering subsystems at path C:/Program Files/Unity/2020.1.0b9/Editor/Data/Resources/UnitySubsystems
[Subsystems] Discovering subsystems at path E:/Documents/Game Projects/Unity/RTS/RTS/Assets
GfxDevice: creating device client; threaded=0
Direct3D:
    Version:  Direct3D 11.0 [level 11.1]
    Renderer: NVIDIA GeForce RTX 2070 SUPER (ID=0x1e84)
    Vendor:   
    VRAM:     8011 MB
    Driver:   26.21.14.4587
Initialize mono
Mono path[0] = 'C:/Program Files/Unity/2020.1.0b9/Editor/Data/Managed'
Mono path[1] = 'C:/Program Files/Unity/2020.1.0b9/Editor/Data/MonoBleedingEdge/lib/mono/unityjit'
Mono config path = 'C:/Program Files/Unity/2020.1.0b9/Editor/Data/MonoBleedingEdge/etc'
Using monoOptions --debugger-agent=transport=dt_socket,embedding=1,server=y,suspend=n,address=127.0.0.1:56648
Begin MonoManager ReloadAssembly
Registering precompiled unity dll's ...
Register platform support module: C:/Program Files/Unity/2020.1.0b9/Editor/Data/PlaybackEngines/WindowsStandaloneSupport/UnityEditor.WindowsStandalone.Extensions.dll
Registered in 0.002176 seconds.
Native extension for WindowsStandalone target not found
Refreshing native plugins compatible for Editor in 45.37 ms, found 0 plugins.
Preloading 0 native plugins for Editor in 0.00 ms.
Mono: successfully reloaded assembly
- Completed reload, in  1.463 seconds
Registering precompiled user dll's ...
Registered in 0.203501 seconds.
Platform modules already initialized, skipping
Begin MonoManager ReloadAssembly
Symbol file LoadedFromMemory doesn't match image E:\Documents\Game Projects\Unity\RTS\RTS\Library\PackageCache\com.unity.ext.nunit@1.0.0\net35\unity-custom\nunit.framework.dll
Native extension for WindowsStandalone target not found
Refreshing native plugins compatible for Editor in 0.70 ms, found 0 plugins.
Preloading 0 native plugins for Editor in 0.00 ms.
Mono: successfully reloaded assembly
- Completed reload, in  0.748 seconds
Platform modules already initialized, skipping
========================================================================
Worker process is ready to serve import requests
Refreshing native plugins compatible for Editor in 0.52 ms, found 0 plugins.
Preloading 0 native plugins for Editor in 0.00 ms.
Unloading 3458 Unused Serialized files (Serialized files now loaded: 0)
System memory in use before: 138.0 MB.
System memory in use after: 138.1 MB.

Unloading 13 unused Assets to reduce memory usage. Loaded Objects now: 3842.
Total: 2.101700 ms (FindLiveObjects: 0.499500 ms CreateObjectMapping: 0.213800 ms MarkObjects: 1.346200 ms  DeleteObjects: 0.040200 ms)

AssetImportWorkerClient::OnTransportError - code=2 error=End of file
