[Licensing::Module] Successfully connected to LicensingClient on channel: "LicenseClient-User"
Entitlement-based licensing initiated
[LicensingClient] Licenses updated successfully

LICENSE SYSTEM [2020712 14:20:16] Next license update check is after 2020-07-12T10:23:14

Built from '2020.1/staging' branch; Version is '2020.1.0b14 (69bacbd35688) revision 6929099'; Using compiler version '192227905'; Build Type 'Release'
OS: 'Windows 10  (10.0.0) 64bit' Language: 'en' Physical Memory: 32678 MB
[Licensing::Module] Serial number assigned to: "F4-XHXR-CVVM-6ZRP-JNSQ-XXXX"
BatchMode: 1, IsHumanControllingUs: 0, StartBugReporterOnCrash: 0, Is64bit: 1, IsPro: 0

 COMMAND LINE ARGUMENTS:
C:\Program Files\Unity\2020.1.0b14\Editor\Unity.exe
-adb2
-batchMode
-noUpm
-name
AssetImportWorker0
-projectPath
E:/Documents/Game Projects/Unity/RTS/RTS
-logFile
Logs/AssetImportWorker0.log
-srvPort
26684
Successfully changed project path to: E:/Documents/Game Projects/Unity/RTS/RTS
E:/Documents/Game Projects/Unity/RTS/RTS
Using Asset Import Pipeline V2.
Refreshing native plugins compatible for Editor in 51.37 ms, found 0 plugins.
Preloading 0 native plugins for Editor in 0.00 ms.
Initialize engine version: 2020.1.0b14 (69bacbd35688)
[Subsystems] Discovering subsystems at path C:/Program Files/Unity/2020.1.0b14/Editor/Data/Resources/UnitySubsystems
[Subsystems] Discovering subsystems at path E:/Documents/Game Projects/Unity/RTS/RTS/Assets
GfxDevice: creating device client; threaded=0
Direct3D:
    Version:  Direct3D 11.0 [level 11.1]
    Renderer: NVIDIA GeForce RTX 2070 SUPER (ID=0x1e84)
    Vendor:   
    VRAM:     8011 MB
    Driver:   26.21.14.4587
Initialize mono
Mono path[0] = 'C:/Program Files/Unity/2020.1.0b14/Editor/Data/Managed'
Mono path[1] = 'C:/Program Files/Unity/2020.1.0b14/Editor/Data/MonoBleedingEdge/lib/mono/unityjit'
Mono config path = 'C:/Program Files/Unity/2020.1.0b14/Editor/Data/MonoBleedingEdge/etc'
Using monoOptions --debugger-agent=transport=dt_socket,embedding=1,server=y,suspend=n,address=127.0.0.1:56816
Begin MonoManager ReloadAssembly
Registering precompiled unity dll's ...
Register platform support module: C:/Program Files/Unity/2020.1.0b14/Editor/Data/PlaybackEngines/WindowsStandaloneSupport/UnityEditor.WindowsStandalone.Extensions.dll
Registered in 0.002887 seconds.
Native extension for WindowsStandalone target not found
Refreshing native plugins compatible for Editor in 58.29 ms, found 0 plugins.
Preloading 0 native plugins for Editor in 0.00 ms.
Mono: successfully reloaded assembly
- Completed reload, in  2.031 seconds
Registering precompiled user dll's ...
Registered in 0.668271 seconds.
Platform modules already initialized, skipping
Begin MonoManager ReloadAssembly
Symbol file LoadedFromMemory doesn't match image E:\Documents\Game Projects\Unity\RTS\RTS\Library\PackageCache\com.unity.ext.nunit@1.0.0\net35\unity-custom\nunit.framework.dll
Native extension for WindowsStandalone target not found
Refreshing native plugins compatible for Editor in 55.45 ms, found 0 plugins.
Preloading 0 native plugins for Editor in 0.00 ms.
Mono: successfully reloaded assembly
- Completed reload, in  4.034 seconds
Platform modules already initialized, skipping
========================================================================
Worker process is ready to serve import requests
Refreshing native plugins compatible for Editor in 0.69 ms, found 0 plugins.
Preloading 0 native plugins for Editor in 0.00 ms.
Unloading 3477 Unused Serialized files (Serialized files now loaded: 0)
System memory in use before: 143.5 MB.
System memory in use after: 143.6 MB.

Unloading 23 unused Assets to reduce memory usage. Loaded Objects now: 3875.
Total: 3.834900 ms (FindLiveObjects: 0.508700 ms CreateObjectMapping: 0.247300 ms MarkObjects: 3.021200 ms  DeleteObjects: 0.053700 ms)

========================================================================
Received Import Request.
  path: Assets/SceneDependencyCache/06dd9b028b7a8df8e57d0b00cfae57dd.sceneWithBuildSettings
  artifactKey: Guid(06dd9b028b7a8df8e57d0b00cfae57dd) Importer(2089858483,52bed625d08a7023a15481c3fbd73797)
Start importing Assets/SceneDependencyCache/06dd9b028b7a8df8e57d0b00cfae57dd.sceneWithBuildSettings using Guid(06dd9b028b7a8df8e57d0b00cfae57dd) Importer(2089858483,52bed625d08a7023a15481c3fbd73797) Diagnostics callstack to track who triggered the sub-import:
0x00007FF746C3FB46 (Unity) ImporterAssetResolver::ResolveAsset
0x00007FF746C76C23 (Unity) ResolveArtifactV2
0x00007FF746C70EBB (Unity) MetaDataPathFromGUIDV2
0x00007FF746BDB9C7 (Unity) AssetDatabase::MetaDataPathFromGUID
0x00007FF746490C5F (Unity) CollectAllDependencies
0x00007FF747296C85 (Unity) AssetDatabaseBindings::GetDependencies
0x00007FF7472762C3 (Unity) AssetDatabase_CUSTOM_GetDependencies
0x0000019C29F9A767 (Mono JIT Code) (wrapper managed-to-native) UnityEditor.AssetDatabase:GetDependencies (string[],bool)
0x0000019C29F9A5DB (Mono JIT Code) UnityEditor.AssetDatabase:GetDependencies (string,bool)
0x0000019C29F9A433 (Mono JIT Code) UnityEditor.AssetDatabase:GetDependencies (string)
0x0000019C29F95693 (Mono JIT Code) [SubSceneImporter.cs:99] Unity.Scenes.Editor.SubSceneImporter:OnImportAsset (UnityEditor.Experimental.AssetImporters.AssetImportContext) 
0x0000019C29F94C35 (Mono JIT Code) UnityEditor.Experimental.AssetImporters.ScriptedImporter:GenerateAssetData (UnityEditor.Experimental.AssetImporters.AssetImportContext)
0x0000019C29F94E16 (Mono JIT Code) (wrapper runtime-invoke) <Module>:runtime_invoke_void__this___object (object,intptr,intptr,intptr)
0x00007FF8052ED870 (mono-2.0-bdwgc) [mini-runtime.c:2809] mono_jit_runtime_invoke 
0x00007FF8052728E2 (mono-2.0-bdwgc) [object.c:2921] do_runtime_invoke 
0x00007FF80527B93F (mono-2.0-bdwgc) [object.c:2968] mono_runtime_invoke 
0x00007FF745753194 (Unity) scripting_method_invoke
0x00007FF74574CCFB (Unity) ScriptingInvocation::Invoke
0x00007FF746D564E2 (Unity) ScriptedImporter::GenerateAssetData
0x00007FF746CE7A1A (Unity) ImportToObjects
0x00007FF746CE6D67 (Unity) AssetImportWorker::Import
0x00007FF746C7E3FB (Unity) `AssetImportWorkerClient::HandleMessage'::`2'::<lambda_1>::operator()
0x00007FF746D0DEB8 (Unity) asio::detail::completion_handler<core::mutable_function<void __cdecl(void)> >::do_complete
0x00007FF746D0FF29 (Unity) asio::detail::win_iocp_io_service::do_one
0x00007FF746D131AE (Unity) asio::io_service::run
0x00007FF746C77172 (Unity) RunAssetImportWorkerClientV2
0x00007FF746C771C0 (Unity) RunAssetImporterV2
0x00007FF746339101 (Unity) Application::InitializeProject
0x00007FF746B47ABB (Unity) WinMain
0x00007FF7487A1B56 (Unity) __scrt_common_main_seh
0x00007FF86CE97BD4 (KERNEL32) BaseThreadInitThunk
0x00007FF86D0ECE51 (ntdll) RtlUserThreadStart

Requesting import of Guid(b047d261d62b4d647ad09da3705ae277) Importer(-1,00000000000000000000000000000000), Assets/Prefabs/ResourceNodeBuilding.prefab from editor
Resuming Guid(b047d261d62b4d647ad09da3705ae277) Importer(-1,00000000000000000000000000000000) -> e0937e66cd348b1689e08622aa6c1be4 
Assertion failed on expression: 'state.state == kUpToDate'
UnityEditor.AssetDatabase:GetDependencies(String[], Boolean)
UnityEditor.AssetDatabase:GetDependencies(String, Boolean)
UnityEditor.AssetDatabase:GetDependencies(String)
Unity.Scenes.Editor.SubSceneImporter:OnImportAsset(AssetImportContext) (at Packages\com.unity.entities@0.11.0-preview.7\Unity.Scenes.Editor\SubSceneImporter.cs:99)
UnityEditor.Experimental.AssetImporters.ScriptedImporter:GenerateAssetData(AssetImportContext)

[C:\buildslave\unity\build\Modules/AssetDatabase/Editor/V2/ImporterAssetResolver.cpp line 57] 
(Filename: Packages/com.unity.entities@0.11.0-preview.7/Unity.Scenes.Editor/SubSceneImporter.cs Line: 99)

Assertion failed on expression: 'state.targetHash == result'
UnityEditor.AssetDatabase:GetDependencies(String[], Boolean)
UnityEditor.AssetDatabase:GetDependencies(String, Boolean)
UnityEditor.AssetDatabase:GetDependencies(String)
Unity.Scenes.Editor.SubSceneImporter:OnImportAsset(AssetImportContext) (at Packages\com.unity.entities@0.11.0-preview.7\Unity.Scenes.Editor\SubSceneImporter.cs:99)
UnityEditor.Experimental.AssetImporters.ScriptedImporter:GenerateAssetData(AssetImportContext)

[C:\buildslave\unity\build\Modules/AssetDatabase/Editor/V2/ImporterAssetResolver.cpp line 58] 
(Filename: Packages/com.unity.entities@0.11.0-preview.7/Unity.Scenes.Editor/SubSceneImporter.cs Line: 99)

Assertion failed on expression: 'ins.second || ins.first->second == targetHash || (ins.first->second == CircularDependencyHash() && !targetHash.IsValid()) || GetPathFromAssetGuidV2(key.GetGUID()).ends_with(".cs")'
UnityEditor.AssetDatabase:GetDependencies(String[], Boolean)
UnityEditor.AssetDatabase:GetDependencies(String, Boolean)
UnityEditor.AssetDatabase:GetDependencies(String)
Unity.Scenes.Editor.SubSceneImporter:OnImportAsset(AssetImportContext) (at Packages\com.unity.entities@0.11.0-preview.7\Unity.Scenes.Editor\SubSceneImporter.cs:99)
UnityEditor.Experimental.AssetImporters.ScriptedImporter:GenerateAssetData(AssetImportContext)

[C:\buildslave\unity\build\Modules/AssetDatabase/Editor/V2/AssetResolveTracker.cpp line 27] 
(Filename: Packages/com.unity.entities@0.11.0-preview.7/Unity.Scenes.Editor/SubSceneImporter.cs Line: 99)

Diagnostics callstack to track who triggered the sub-import:
0x00007FF746C3FB46 (Unity) ImporterAssetResolver::ResolveAsset
0x00007FF746C76C23 (Unity) ResolveArtifactV2
0x00007FF746C70EBB (Unity) MetaDataPathFromGUIDV2
0x00007FF746BDB9C7 (Unity) AssetDatabase::MetaDataPathFromGUID
0x00007FF746490C5F (Unity) CollectAllDependencies
0x00007FF747296C85 (Unity) AssetDatabaseBindings::GetDependencies
0x00007FF7472762C3 (Unity) AssetDatabase_CUSTOM_GetDependencies
0x0000019C29F9A767 (Mono JIT Code) (wrapper managed-to-native) UnityEditor.AssetDatabase:GetDependencies (string[],bool)
0x0000019C29F9A5DB (Mono JIT Code) UnityEditor.AssetDatabase:GetDependencies (string,bool)
0x0000019C29F9A433 (Mono JIT Code) UnityEditor.AssetDatabase:GetDependencies (string)
0x0000019C29F95693 (Mono JIT Code) [SubSceneImporter.cs:99] Unity.Scenes.Editor.SubSceneImporter:OnImportAsset (UnityEditor.Experimental.AssetImporters.AssetImportContext) 
0x0000019C29F94C35 (Mono JIT Code) UnityEditor.Experimental.AssetImporters.ScriptedImporter:GenerateAssetData (UnityEditor.Experimental.AssetImporters.AssetImportContext)
0x0000019C29F94E16 (Mono JIT Code) (wrapper runtime-invoke) <Module>:runtime_invoke_void__this___object (object,intptr,intptr,intptr)
0x00007FF8052ED870 (mono-2.0-bdwgc) [mini-runtime.c:2809] mono_jit_runtime_invoke 
0x00007FF8052728E2 (mono-2.0-bdwgc) [object.c:2921] do_runtime_invoke 
0x00007FF80527B93F (mono-2.0-bdwgc) [object.c:2968] mono_runtime_invoke 
0x00007FF745753194 (Unity) scripting_method_invoke
0x00007FF74574CCFB (Unity) ScriptingInvocation::Invoke
0x00007FF746D564E2 (Unity) ScriptedImporter::GenerateAssetData
0x00007FF746CE7A1A (Unity) ImportToObjects
0x00007FF746CE6D67 (Unity) AssetImportWorker::Import
0x00007FF746C7E3FB (Unity) `AssetImportWorkerClient::HandleMessage'::`2'::<lambda_1>::operator()
0x00007FF746D0DEB8 (Unity) asio::detail::completion_handler<core::mutable_function<void __cdecl(void)> >::do_complete
0x00007FF746D0FF29 (Unity) asio::detail::win_iocp_io_service::do_one
0x00007FF746D131AE (Unity) asio::io_service::run
0x00007FF746C77172 (Unity) RunAssetImportWorkerClientV2
0x00007FF746C771C0 (Unity) RunAssetImporterV2
0x00007FF746339101 (Unity) Application::InitializeProject
0x00007FF746B47ABB (Unity) WinMain
0x00007FF7487A1B56 (Unity) __scrt_common_main_seh
0x00007FF86CE97BD4 (KERNEL32) BaseThreadInitThunk
0x00007FF86D0ECE51 (ntdll) RtlUserThreadStart

Requesting import of Guid(ff1eba15f8716404fb39162d008b7612) Importer(-1,00000000000000000000000000000000), Assets/Prefabs/ResourceNodeRare.prefab from editor
Resuming Guid(ff1eba15f8716404fb39162d008b7612) Importer(-1,00000000000000000000000000000000) -> 7782eb70d1ab9184135be3f9c56ba8b5 
Assertion failed on expression: 'state.state == kUpToDate'
UnityEditor.AssetDatabase:GetDependencies(String[], Boolean)
UnityEditor.AssetDatabase:GetDependencies(String, Boolean)
UnityEditor.AssetDatabase:GetDependencies(String)
Unity.Scenes.Editor.SubSceneImporter:OnImportAsset(AssetImportContext) (at Packages\com.unity.entities@0.11.0-preview.7\Unity.Scenes.Editor\SubSceneImporter.cs:99)
UnityEditor.Experimental.AssetImporters.ScriptedImporter:GenerateAssetData(AssetImportContext)

[C:\buildslave\unity\build\Modules/AssetDatabase/Editor/V2/ImporterAssetResolver.cpp line 57] 
(Filename: Packages/com.unity.entities@0.11.0-preview.7/Unity.Scenes.Editor/SubSceneImporter.cs Line: 99)

Assertion failed on expression: 'state.targetHash == result'
UnityEditor.AssetDatabase:GetDependencies(String[], Boolean)
UnityEditor.AssetDatabase:GetDependencies(String, Boolean)
UnityEditor.AssetDatabase:GetDependencies(String)
Unity.Scenes.Editor.SubSceneImporter:OnImportAsset(AssetImportContext) (at Packages\com.unity.entities@0.11.0-preview.7\Unity.Scenes.Editor\SubSceneImporter.cs:99)
UnityEditor.Experimental.AssetImporters.ScriptedImporter:GenerateAssetData(AssetImportContext)

[C:\buildslave\unity\build\Modules/AssetDatabase/Editor/V2/ImporterAssetResolver.cpp line 58] 
(Filename: Packages/com.unity.entities@0.11.0-preview.7/Unity.Scenes.Editor/SubSceneImporter.cs Line: 99)

Assertion failed on expression: 'ins.second || ins.first->second == targetHash || (ins.first->second == CircularDependencyHash() && !targetHash.IsValid()) || GetPathFromAssetGuidV2(key.GetGUID()).ends_with(".cs")'
UnityEditor.AssetDatabase:GetDependencies(String[], Boolean)
UnityEditor.AssetDatabase:GetDependencies(String, Boolean)
UnityEditor.AssetDatabase:GetDependencies(String)
Unity.Scenes.Editor.SubSceneImporter:OnImportAsset(AssetImportContext) (at Packages\com.unity.entities@0.11.0-preview.7\Unity.Scenes.Editor\SubSceneImporter.cs:99)
UnityEditor.Experimental.AssetImporters.ScriptedImporter:GenerateAssetData(AssetImportContext)

[C:\buildslave\unity\build\Modules/AssetDatabase/Editor/V2/AssetResolveTracker.cpp line 27] 
(Filename: Packages/com.unity.entities@0.11.0-preview.7/Unity.Scenes.Editor/SubSceneImporter.cs Line: 99)

Diagnostics callstack to track who triggered the sub-import:
0x00007FF746C3FB46 (Unity) ImporterAssetResolver::ResolveAsset
0x00007FF746C76C23 (Unity) ResolveArtifactV2
0x00007FF746C70EBB (Unity) MetaDataPathFromGUIDV2
0x00007FF746BDB9C7 (Unity) AssetDatabase::MetaDataPathFromGUID
0x00007FF746490C5F (Unity) CollectAllDependencies
0x00007FF747296C85 (Unity) AssetDatabaseBindings::GetDependencies
0x00007FF7472762C3 (Unity) AssetDatabase_CUSTOM_GetDependencies
0x0000019C29F9A767 (Mono JIT Code) (wrapper managed-to-native) UnityEditor.AssetDatabase:GetDependencies (string[],bool)
0x0000019C29F9A5DB (Mono JIT Code) UnityEditor.AssetDatabase:GetDependencies (string,bool)
0x0000019C29F9A433 (Mono JIT Code) UnityEditor.AssetDatabase:GetDependencies (string)
0x0000019C29F95693 (Mono JIT Code) [SubSceneImporter.cs:99] Unity.Scenes.Editor.SubSceneImporter:OnImportAsset (UnityEditor.Experimental.AssetImporters.AssetImportContext) 
0x0000019C29F94C35 (Mono JIT Code) UnityEditor.Experimental.AssetImporters.ScriptedImporter:GenerateAssetData (UnityEditor.Experimental.AssetImporters.AssetImportContext)
0x0000019C29F94E16 (Mono JIT Code) (wrapper runtime-invoke) <Module>:runtime_invoke_void__this___object (object,intptr,intptr,intptr)
0x00007FF8052ED870 (mono-2.0-bdwgc) [mini-runtime.c:2809] mono_jit_runtime_invoke 
0x00007FF8052728E2 (mono-2.0-bdwgc) [object.c:2921] do_runtime_invoke 
0x00007FF80527B93F (mono-2.0-bdwgc) [object.c:2968] mono_runtime_invoke 
0x00007FF745753194 (Unity) scripting_method_invoke
0x00007FF74574CCFB (Unity) ScriptingInvocation::Invoke
0x00007FF746D564E2 (Unity) ScriptedImporter::GenerateAssetData
0x00007FF746CE7A1A (Unity) ImportToObjects
0x00007FF746CE6D67 (Unity) AssetImportWorker::Import
0x00007FF746C7E3FB (Unity) `AssetImportWorkerClient::HandleMessage'::`2'::<lambda_1>::operator()
0x00007FF746D0DEB8 (Unity) asio::detail::completion_handler<core::mutable_function<void __cdecl(void)> >::do_complete
0x00007FF746D0FF29 (Unity) asio::detail::win_iocp_io_service::do_one
0x00007FF746D131AE (Unity) asio::io_service::run
0x00007FF746C77172 (Unity) RunAssetImportWorkerClientV2
0x00007FF746C771C0 (Unity) RunAssetImporterV2
0x00007FF746339101 (Unity) Application::InitializeProject
0x00007FF746B47ABB (Unity) WinMain
0x00007FF7487A1B56 (Unity) __scrt_common_main_seh
0x00007FF86CE97BD4 (KERNEL32) BaseThreadInitThunk
0x00007FF86D0ECE51 (ntdll) RtlUserThreadStart

Requesting import of Guid(86a3b5367dec5004db48f013dec0513f) Importer(-1,00000000000000000000000000000000), Assets/Prefabs/ResourceNodeFood.prefab from editor
Resuming Guid(86a3b5367dec5004db48f013dec0513f) Importer(-1,00000000000000000000000000000000) -> 0eecccd88204b2ce9549af765298e65e 
Assertion failed on expression: 'state.state == kUpToDate'
UnityEditor.AssetDatabase:GetDependencies(String[], Boolean)
UnityEditor.AssetDatabase:GetDependencies(String, Boolean)
UnityEditor.AssetDatabase:GetDependencies(String)
Unity.Scenes.Editor.SubSceneImporter:OnImportAsset(AssetImportContext) (at Packages\com.unity.entities@0.11.0-preview.7\Unity.Scenes.Editor\SubSceneImporter.cs:99)
UnityEditor.Experimental.AssetImporters.ScriptedImporter:GenerateAssetData(AssetImportContext)

[C:\buildslave\unity\build\Modules/AssetDatabase/Editor/V2/ImporterAssetResolver.cpp line 57] 
(Filename: Packages/com.unity.entities@0.11.0-preview.7/Unity.Scenes.Editor/SubSceneImporter.cs Line: 99)

Assertion failed on expression: 'state.targetHash == result'
UnityEditor.AssetDatabase:GetDependencies(String[], Boolean)
UnityEditor.AssetDatabase:GetDependencies(String, Boolean)
UnityEditor.AssetDatabase:GetDependencies(String)
Unity.Scenes.Editor.SubSceneImporter:OnImportAsset(AssetImportContext) (at Packages\com.unity.entities@0.11.0-preview.7\Unity.Scenes.Editor\SubSceneImporter.cs:99)
UnityEditor.Experimental.AssetImporters.ScriptedImporter:GenerateAssetData(AssetImportContext)

[C:\buildslave\unity\build\Modules/AssetDatabase/Editor/V2/ImporterAssetResolver.cpp line 58] 
(Filename: Packages/com.unity.entities@0.11.0-preview.7/Unity.Scenes.Editor/SubSceneImporter.cs Line: 99)

Assertion failed on expression: 'ins.second || ins.first->second == targetHash || (ins.first->second == CircularDependencyHash() && !targetHash.IsValid()) || GetPathFromAssetGuidV2(key.GetGUID()).ends_with(".cs")'
UnityEditor.AssetDatabase:GetDependencies(String[], Boolean)
UnityEditor.AssetDatabase:GetDependencies(String, Boolean)
UnityEditor.AssetDatabase:GetDependencies(String)
Unity.Scenes.Editor.SubSceneImporter:OnImportAsset(AssetImportContext) (at Packages\com.unity.entities@0.11.0-preview.7\Unity.Scenes.Editor\SubSceneImporter.cs:99)
UnityEditor.Experimental.AssetImporters.ScriptedImporter:GenerateAssetData(AssetImportContext)

[C:\buildslave\unity\build\Modules/AssetDatabase/Editor/V2/AssetResolveTracker.cpp line 27] 
(Filename: Packages/com.unity.entities@0.11.0-preview.7/Unity.Scenes.Editor/SubSceneImporter.cs Line: 99)

Diagnostics callstack to track who triggered the sub-import:
0x00007FF746C3FB46 (Unity) ImporterAssetResolver::ResolveAsset
0x00007FF746C76C23 (Unity) ResolveArtifactV2
0x00007FF746C70EBB (Unity) MetaDataPathFromGUIDV2
0x00007FF746BDB9C7 (Unity) AssetDatabase::MetaDataPathFromGUID
0x00007FF746490C5F (Unity) CollectAllDependencies
0x00007FF747296C85 (Unity) AssetDatabaseBindings::GetDependencies
0x00007FF7472762C3 (Unity) AssetDatabase_CUSTOM_GetDependencies
0x0000019C29F9A767 (Mono JIT Code) (wrapper managed-to-native) UnityEditor.AssetDatabase:GetDependencies (string[],bool)
0x0000019C29F9A5DB (Mono JIT Code) UnityEditor.AssetDatabase:GetDependencies (string,bool)
0x0000019C29F9A433 (Mono JIT Code) UnityEditor.AssetDatabase:GetDependencies (string)
0x0000019C29F95693 (Mono JIT Code) [SubSceneImporter.cs:99] Unity.Scenes.Editor.SubSceneImporter:OnImportAsset (UnityEditor.Experimental.AssetImporters.AssetImportContext) 
0x0000019C29F94C35 (Mono JIT Code) UnityEditor.Experimental.AssetImporters.ScriptedImporter:GenerateAssetData (UnityEditor.Experimental.AssetImporters.AssetImportContext)
0x0000019C29F94E16 (Mono JIT Code) (wrapper runtime-invoke) <Module>:runtime_invoke_void__this___object (object,intptr,intptr,intptr)
0x00007FF8052ED870 (mono-2.0-bdwgc) [mini-runtime.c:2809] mono_jit_runtime_invoke 
0x00007FF8052728E2 (mono-2.0-bdwgc) [object.c:2921] do_runtime_invoke 
0x00007FF80527B93F (mono-2.0-bdwgc) [object.c:2968] mono_runtime_invoke 
0x00007FF745753194 (Unity) scripting_method_invoke
0x00007FF74574CCFB (Unity) ScriptingInvocation::Invoke
0x00007FF746D564E2 (Unity) ScriptedImporter::GenerateAssetData
0x00007FF746CE7A1A (Unity) ImportToObjects
0x00007FF746CE6D67 (Unity) AssetImportWorker::Import
0x00007FF746C7E3FB (Unity) `AssetImportWorkerClient::HandleMessage'::`2'::<lambda_1>::operator()
0x00007FF746D0DEB8 (Unity) asio::detail::completion_handler<core::mutable_function<void __cdecl(void)> >::do_complete
0x00007FF746D0FF29 (Unity) asio::detail::win_iocp_io_service::do_one
0x00007FF746D131AE (Unity) asio::io_service::run
0x00007FF746C77172 (Unity) RunAssetImportWorkerClientV2
0x00007FF746C771C0 (Unity) RunAssetImporterV2
0x00007FF746339101 (Unity) Application::InitializeProject
0x00007FF746B47ABB (Unity) WinMain
0x00007FF7487A1B56 (Unity) __scrt_common_main_seh
0x00007FF86CE97BD4 (KERNEL32) BaseThreadInitThunk
0x00007FF86D0ECE51 (ntdll) RtlUserThreadStart

Requesting import of Guid(bc2ebe0856cc58843af64a5ead4bdf4c) Importer(-1,00000000000000000000000000000000), Assets/Prefabs/HarvesterEnemy.prefab from editor
Resuming Guid(bc2ebe0856cc58843af64a5ead4bdf4c) Importer(-1,00000000000000000000000000000000) -> d7afee1c5cbce873b36a2b4bc1258475 
Assertion failed on expression: 'state.state == kUpToDate'
UnityEditor.AssetDatabase:GetDependencies(String[], Boolean)
UnityEditor.AssetDatabase:GetDependencies(String, Boolean)
UnityEditor.AssetDatabase:GetDependencies(String)
Unity.Scenes.Editor.SubSceneImporter:OnImportAsset(AssetImportContext) (at Packages\com.unity.entities@0.11.0-preview.7\Unity.Scenes.Editor\SubSceneImporter.cs:99)
UnityEditor.Experimental.AssetImporters.ScriptedImporter:GenerateAssetData(AssetImportContext)

[C:\buildslave\unity\build\Modules/AssetDatabase/Editor/V2/ImporterAssetResolver.cpp line 57] 
(Filename: Packages/com.unity.entities@0.11.0-preview.7/Unity.Scenes.Editor/SubSceneImporter.cs Line: 99)

Assertion failed on expression: 'state.targetHash == result'
UnityEditor.AssetDatabase:GetDependencies(String[], Boolean)
UnityEditor.AssetDatabase:GetDependencies(String, Boolean)
UnityEditor.AssetDatabase:GetDependencies(String)
Unity.Scenes.Editor.SubSceneImporter:OnImportAsset(AssetImportContext) (at Packages\com.unity.entities@0.11.0-preview.7\Unity.Scenes.Editor\SubSceneImporter.cs:99)
UnityEditor.Experimental.AssetImporters.ScriptedImporter:GenerateAssetData(AssetImportContext)

[C:\buildslave\unity\build\Modules/AssetDatabase/Editor/V2/ImporterAssetResolver.cpp line 58] 
(Filename: Packages/com.unity.entities@0.11.0-preview.7/Unity.Scenes.Editor/SubSceneImporter.cs Line: 99)

Assertion failed on expression: 'ins.second || ins.first->second == targetHash || (ins.first->second == CircularDependencyHash() && !targetHash.IsValid()) || GetPathFromAssetGuidV2(key.GetGUID()).ends_with(".cs")'
UnityEditor.AssetDatabase:GetDependencies(String[], Boolean)
UnityEditor.AssetDatabase:GetDependencies(String, Boolean)
UnityEditor.AssetDatabase:GetDependencies(String)
Unity.Scenes.Editor.SubSceneImporter:OnImportAsset(AssetImportContext) (at Packages\com.unity.entities@0.11.0-preview.7\Unity.Scenes.Editor\SubSceneImporter.cs:99)
UnityEditor.Experimental.AssetImporters.ScriptedImporter:GenerateAssetData(AssetImportContext)

[C:\buildslave\unity\build\Modules/AssetDatabase/Editor/V2/AssetResolveTracker.cpp line 27] 
(Filename: Packages/com.unity.entities@0.11.0-preview.7/Unity.Scenes.Editor/SubSceneImporter.cs Line: 99)

Diagnostics callstack to track who triggered the sub-import:
0x00007FF746C3FB46 (Unity) ImporterAssetResolver::ResolveAsset
0x00007FF746C76C23 (Unity) ResolveArtifactV2
0x00007FF746C70EBB (Unity) MetaDataPathFromGUIDV2
0x00007FF746BDB9C7 (Unity) AssetDatabase::MetaDataPathFromGUID
0x00007FF746490C5F (Unity) CollectAllDependencies
0x00007FF747296C85 (Unity) AssetDatabaseBindings::GetDependencies
0x00007FF7472762C3 (Unity) AssetDatabase_CUSTOM_GetDependencies
0x0000019C29F9A767 (Mono JIT Code) (wrapper managed-to-native) UnityEditor.AssetDatabase:GetDependencies (string[],bool)
0x0000019C29F9A5DB (Mono JIT Code) UnityEditor.AssetDatabase:GetDependencies (string,bool)
0x0000019C29F9A433 (Mono JIT Code) UnityEditor.AssetDatabase:GetDependencies (string)
0x0000019C29F95693 (Mono JIT Code) [SubSceneImporter.cs:99] Unity.Scenes.Editor.SubSceneImporter:OnImportAsset (UnityEditor.Experimental.AssetImporters.AssetImportContext) 
0x0000019C29F94C35 (Mono JIT Code) UnityEditor.Experimental.AssetImporters.ScriptedImporter:GenerateAssetData (UnityEditor.Experimental.AssetImporters.AssetImportContext)
0x0000019C29F94E16 (Mono JIT Code) (wrapper runtime-invoke) <Module>:runtime_invoke_void__this___object (object,intptr,intptr,intptr)
0x00007FF8052ED870 (mono-2.0-bdwgc) [mini-runtime.c:2809] mono_jit_runtime_invoke 
0x00007FF8052728E2 (mono-2.0-bdwgc) [object.c:2921] do_runtime_invoke 
0x00007FF80527B93F (mono-2.0-bdwgc) [object.c:2968] mono_runtime_invoke 
0x00007FF745753194 (Unity) scripting_method_invoke
0x00007FF74574CCFB (Unity) ScriptingInvocation::Invoke
0x00007FF746D564E2 (Unity) ScriptedImporter::GenerateAssetData
0x00007FF746CE7A1A (Unity) ImportToObjects
0x00007FF746CE6D67 (Unity) AssetImportWorker::Import
0x00007FF746C7E3FB (Unity) `AssetImportWorkerClient::HandleMessage'::`2'::<lambda_1>::operator()
0x00007FF746D0DEB8 (Unity) asio::detail::completion_handler<core::mutable_function<void __cdecl(void)> >::do_complete
0x00007FF746D0FF29 (Unity) asio::detail::win_iocp_io_service::do_one
0x00007FF746D131AE (Unity) asio::io_service::run
0x00007FF746C77172 (Unity) RunAssetImportWorkerClientV2
0x00007FF746C771C0 (Unity) RunAssetImporterV2
0x00007FF746339101 (Unity) Application::InitializeProject
0x00007FF746B47ABB (Unity) WinMain
0x00007FF7487A1B56 (Unity) __scrt_common_main_seh
0x00007FF86CE97BD4 (KERNEL32) BaseThreadInitThunk
0x00007FF86D0ECE51 (ntdll) RtlUserThreadStart

Requesting import of Guid(e5fa7789d4caad3f0a154cd7c92d3238) Importer(-1,00000000000000000000000000000000), Assets/Prefabs/Store.prefab from editor
Resuming Guid(e5fa7789d4caad3f0a154cd7c92d3238) Importer(-1,00000000000000000000000000000000) -> 79f477462abbe3002618b05d6f66a8b2 
Assertion failed on expression: 'state.state == kUpToDate'
UnityEditor.AssetDatabase:GetDependencies(String[], Boolean)
UnityEditor.AssetDatabase:GetDependencies(String, Boolean)
UnityEditor.AssetDatabase:GetDependencies(String)
Unity.Scenes.Editor.SubSceneImporter:OnImportAsset(AssetImportContext) (at Packages\com.unity.entities@0.11.0-preview.7\Unity.Scenes.Editor\SubSceneImporter.cs:99)
UnityEditor.Experimental.AssetImporters.ScriptedImporter:GenerateAssetData(AssetImportContext)

[C:\buildslave\unity\build\Modules/AssetDatabase/Editor/V2/ImporterAssetResolver.cpp line 57] 
(Filename: Packages/com.unity.entities@0.11.0-preview.7/Unity.Scenes.Editor/SubSceneImporter.cs Line: 99)

Assertion failed on expression: 'state.targetHash == result'
UnityEditor.AssetDatabase:GetDependencies(String[], Boolean)
UnityEditor.AssetDatabase:GetDependencies(String, Boolean)
UnityEditor.AssetDatabase:GetDependencies(String)
Unity.Scenes.Editor.SubSceneImporter:OnImportAsset(AssetImportContext) (at Packages\com.unity.entities@0.11.0-preview.7\Unity.Scenes.Editor\SubSceneImporter.cs:99)
UnityEditor.Experimental.AssetImporters.ScriptedImporter:GenerateAssetData(AssetImportContext)

[C:\buildslave\unity\build\Modules/AssetDatabase/Editor/V2/ImporterAssetResolver.cpp line 58] 
(Filename: Packages/com.unity.entities@0.11.0-preview.7/Unity.Scenes.Editor/SubSceneImporter.cs Line: 99)

Assertion failed on expression: 'ins.second || ins.first->second == targetHash || (ins.first->second == CircularDependencyHash() && !targetHash.IsValid()) || GetPathFromAssetGuidV2(key.GetGUID()).ends_with(".cs")'
UnityEditor.AssetDatabase:GetDependencies(String[], Boolean)
UnityEditor.AssetDatabase:GetDependencies(String, Boolean)
UnityEditor.AssetDatabase:GetDependencies(String)
Unity.Scenes.Editor.SubSceneImporter:OnImportAsset(AssetImportContext) (at Packages\com.unity.entities@0.11.0-preview.7\Unity.Scenes.Editor\SubSceneImporter.cs:99)
UnityEditor.Experimental.AssetImporters.ScriptedImporter:GenerateAssetData(AssetImportContext)

[C:\buildslave\unity\build\Modules/AssetDatabase/Editor/V2/AssetResolveTracker.cpp line 27] 
(Filename: Packages/com.unity.entities@0.11.0-preview.7/Unity.Scenes.Editor/SubSceneImporter.cs Line: 99)

Opening scene 'Assets/Scenes/SampleScene/SomeSubScene.unity additively'
Assertion failed on expression: 'ins.second || ins.first->second == targetHash || (ins.first->second == CircularDependencyHash() && !targetHash.IsValid()) || GetPathFromAssetGuidV2(key.GetGUID()).ends_with(".cs")'
UnityEditor.SceneManagement.EditorSceneManager:OpenScene_Injected(String, OpenSceneMode, Scene&)
UnityEditor.SceneManagement.EditorSceneManager:OpenScene(String, OpenSceneMode)
Unity.Scenes.Editor.SubSceneImporter:OnImportAsset(AssetImportContext) (at Packages\com.unity.entities@0.11.0-preview.7\Unity.Scenes.Editor\SubSceneImporter.cs:108)
UnityEditor.Experimental.AssetImporters.ScriptedImporter:GenerateAssetData(AssetImportContext)

[C:\buildslave\unity\build\Modules/AssetDatabase/Editor/V2/AssetResolveTracker.cpp line 27] 
(Filename: Packages/com.unity.entities@0.11.0-preview.7/Unity.Scenes.Editor/SubSceneImporter.cs Line: 108)

Assertion failed on expression: 'ins.second || ins.first->second == targetHash || (ins.first->second == CircularDependencyHash() && !targetHash.IsValid()) || GetPathFromAssetGuidV2(key.GetGUID()).ends_with(".cs")'
UnityEditor.SceneManagement.EditorSceneManager:OpenScene_Injected(String, OpenSceneMode, Scene&)
UnityEditor.SceneManagement.EditorSceneManager:OpenScene(String, OpenSceneMode)
Unity.Scenes.Editor.SubSceneImporter:OnImportAsset(AssetImportContext) (at Packages\com.unity.entities@0.11.0-preview.7\Unity.Scenes.Editor\SubSceneImporter.cs:108)
UnityEditor.Experimental.AssetImporters.ScriptedImporter:GenerateAssetData(AssetImportContext)

[C:\buildslave\unity\build\Modules/AssetDatabase/Editor/V2/AssetResolveTracker.cpp line 27] 
(Filename: Packages/com.unity.entities@0.11.0-preview.7/Unity.Scenes.Editor/SubSceneImporter.cs Line: 108)

Assertion failed on expression: 'ins.second || ins.first->second == targetHash || (ins.first->second == CircularDependencyHash() && !targetHash.IsValid()) || GetPathFromAssetGuidV2(key.GetGUID()).ends_with(".cs")'
UnityEditor.SceneManagement.EditorSceneManager:OpenScene_Injected(String, OpenSceneMode, Scene&)
UnityEditor.SceneManagement.EditorSceneManager:OpenScene(String, OpenSceneMode)
Unity.Scenes.Editor.SubSceneImporter:OnImportAsset(AssetImportContext) (at Packages\com.unity.entities@0.11.0-preview.7\Unity.Scenes.Editor\SubSceneImporter.cs:108)
UnityEditor.Experimental.AssetImporters.ScriptedImporter:GenerateAssetData(AssetImportContext)

[C:\buildslave\unity\build\Modules/AssetDatabase/Editor/V2/AssetResolveTracker.cpp line 27] 
(Filename: Packages/com.unity.entities@0.11.0-preview.7/Unity.Scenes.Editor/SubSceneImporter.cs Line: 108)

Assertion failed on expression: 'ins.second || ins.first->second == targetHash || (ins.first->second == CircularDependencyHash() && !targetHash.IsValid()) || GetPathFromAssetGuidV2(key.GetGUID()).ends_with(".cs")'
UnityEditor.SceneManagement.EditorSceneManager:OpenScene_Injected(String, OpenSceneMode, Scene&)
UnityEditor.SceneManagement.EditorSceneManager:OpenScene(String, OpenSceneMode)
Unity.Scenes.Editor.SubSceneImporter:OnImportAsset(AssetImportContext) (at Packages\com.unity.entities@0.11.0-preview.7\Unity.Scenes.Editor\SubSceneImporter.cs:108)
UnityEditor.Experimental.AssetImporters.ScriptedImporter:GenerateAssetData(AssetImportContext)

[C:\buildslave\unity\build\Modules/AssetDatabase/Editor/V2/AssetResolveTracker.cpp line 27] 
(Filename: Packages/com.unity.entities@0.11.0-preview.7/Unity.Scenes.Editor/SubSceneImporter.cs Line: 108)

Assertion failed on expression: 'ins.second || ins.first->second == targetHash || (ins.first->second == CircularDependencyHash() && !targetHash.IsValid()) || GetPathFromAssetGuidV2(key.GetGUID()).ends_with(".cs")'
UnityEditor.SceneManagement.EditorSceneManager:OpenScene_Injected(String, OpenSceneMode, Scene&)
UnityEditor.SceneManagement.EditorSceneManager:OpenScene(String, OpenSceneMode)
Unity.Scenes.Editor.SubSceneImporter:OnImportAsset(AssetImportContext) (at Packages\com.unity.entities@0.11.0-preview.7\Unity.Scenes.Editor\SubSceneImporter.cs:108)
UnityEditor.Experimental.AssetImporters.ScriptedImporter:GenerateAssetData(AssetImportContext)

[C:\buildslave\unity\build\Modules/AssetDatabase/Editor/V2/AssetResolveTracker.cpp line 27] 
(Filename: Packages/com.unity.entities@0.11.0-preview.7/Unity.Scenes.Editor/SubSceneImporter.cs Line: 108)

Assertion failed on expression: 'ins.second || ins.first->second == targetHash || (ins.first->second == CircularDependencyHash() && !targetHash.IsValid()) || GetPathFromAssetGuidV2(key.GetGUID()).ends_with(".cs")'
UnityEditor.SceneManagement.EditorSceneManager:OpenScene_Injected(String, OpenSceneMode, Scene&)
UnityEditor.SceneManagement.EditorSceneManager:OpenScene(String, OpenSceneMode)
Unity.Scenes.Editor.SubSceneImporter:OnImportAsset(AssetImportContext) (at Packages\com.unity.entities@0.11.0-preview.7\Unity.Scenes.Editor\SubSceneImporter.cs:108)
UnityEditor.Experimental.AssetImporters.ScriptedImporter:GenerateAssetData(AssetImportContext)

[C:\buildslave\unity\build\Modules/AssetDatabase/Editor/V2/AssetResolveTracker.cpp line 27] 
(Filename: Packages/com.unity.entities@0.11.0-preview.7/Unity.Scenes.Editor/SubSceneImporter.cs Line: 108)

Assertion failed on expression: 'ins.second || ins.first->second == targetHash || (ins.first->second == CircularDependencyHash() && !targetHash.IsValid()) || GetPathFromAssetGuidV2(key.GetGUID()).ends_with(".cs")'
UnityEditor.SceneManagement.EditorSceneManager:OpenScene_Injected(String, OpenSceneMode, Scene&)
UnityEditor.SceneManagement.EditorSceneManager:OpenScene(String, OpenSceneMode)
Unity.Scenes.Editor.SubSceneImporter:OnImportAsset(AssetImportContext) (at Packages\com.unity.entities@0.11.0-preview.7\Unity.Scenes.Editor\SubSceneImporter.cs:108)
UnityEditor.Experimental.AssetImporters.ScriptedImporter:GenerateAssetData(AssetImportContext)

[C:\buildslave\unity\build\Modules/AssetDatabase/Editor/V2/AssetResolveTracker.cpp line 27] 
(Filename: Packages/com.unity.entities@0.11.0-preview.7/Unity.Scenes.Editor/SubSceneImporter.cs Line: 108)

Assertion failed on expression: 'ins.second || ins.first->second == targetHash || (ins.first->second == CircularDependencyHash() && !targetHash.IsValid()) || GetPathFromAssetGuidV2(key.GetGUID()).ends_with(".cs")'
UnityEditor.SceneManagement.EditorSceneManager:OpenScene_Injected(String, OpenSceneMode, Scene&)
UnityEditor.SceneManagement.EditorSceneManager:OpenScene(String, OpenSceneMode)
Unity.Scenes.Editor.SubSceneImporter:OnImportAsset(AssetImportContext) (at Packages\com.unity.entities@0.11.0-preview.7\Unity.Scenes.Editor\SubSceneImporter.cs:108)
UnityEditor.Experimental.AssetImporters.ScriptedImporter:GenerateAssetData(AssetImportContext)

[C:\buildslave\unity\build\Modules/AssetDatabase/Editor/V2/AssetResolveTracker.cpp line 27] 
(Filename: Packages/com.unity.entities@0.11.0-preview.7/Unity.Scenes.Editor/SubSceneImporter.cs Line: 108)

Assertion failed on expression: 'ins.second || ins.first->second == targetHash || (ins.first->second == CircularDependencyHash() && !targetHash.IsValid()) || GetPathFromAssetGuidV2(key.GetGUID()).ends_with(".cs")'
UnityEditor.SceneManagement.EditorSceneManager:OpenScene_Injected(String, OpenSceneMode, Scene&)
UnityEditor.SceneManagement.EditorSceneManager:OpenScene(String, OpenSceneMode)
Unity.Scenes.Editor.SubSceneImporter:OnImportAsset(AssetImportContext) (at Packages\com.unity.entities@0.11.0-preview.7\Unity.Scenes.Editor\SubSceneImporter.cs:108)
UnityEditor.Experimental.AssetImporters.ScriptedImporter:GenerateAssetData(AssetImportContext)

[C:\buildslave\unity\build\Modules/AssetDatabase/Editor/V2/AssetResolveTracker.cpp line 27] 
(Filename: Packages/com.unity.entities@0.11.0-preview.7/Unity.Scenes.Editor/SubSceneImporter.cs Line: 108)

Assertion failed on expression: 'ins.second || ins.first->second == targetHash || (ins.first->second == CircularDependencyHash() && !targetHash.IsValid()) || GetPathFromAssetGuidV2(key.GetGUID()).ends_with(".cs")'
UnityEditor.SceneManagement.EditorSceneManager:OpenScene_Injected(String, OpenSceneMode, Scene&)
UnityEditor.SceneManagement.EditorSceneManager:OpenScene(String, OpenSceneMode)
Unity.Scenes.Editor.SubSceneImporter:OnImportAsset(AssetImportContext) (at Packages\com.unity.entities@0.11.0-preview.7\Unity.Scenes.Editor\SubSceneImporter.cs:108)
UnityEditor.Experimental.AssetImporters.ScriptedImporter:GenerateAssetData(AssetImportContext)

[C:\buildslave\unity\build\Modules/AssetDatabase/Editor/V2/AssetResolveTracker.cpp line 27] 
(Filename: Packages/com.unity.entities@0.11.0-preview.7/Unity.Scenes.Editor/SubSceneImporter.cs Line: 108)

Assertion failed on expression: 'ins.second || ins.first->second == targetHash || (ins.first->second == CircularDependencyHash() && !targetHash.IsValid()) || GetPathFromAssetGuidV2(key.GetGUID()).ends_with(".cs")'
UnityEditor.SceneManagement.EditorSceneManager:OpenScene_Injected(String, OpenSceneMode, Scene&)
UnityEditor.SceneManagement.EditorSceneManager:OpenScene(String, OpenSceneMode)
Unity.Scenes.Editor.SubSceneImporter:OnImportAsset(AssetImportContext) (at Packages\com.unity.entities@0.11.0-preview.7\Unity.Scenes.Editor\SubSceneImporter.cs:108)
UnityEditor.Experimental.AssetImporters.ScriptedImporter:GenerateAssetData(AssetImportContext)

[C:\buildslave\unity\build\Modules/AssetDatabase/Editor/V2/AssetResolveTracker.cpp line 27] 
(Filename: Packages/com.unity.entities@0.11.0-preview.7/Unity.Scenes.Editor/SubSceneImporter.cs Line: 108)

Assertion failed on expression: 'ins.second || ins.first->second == targetHash || (ins.first->second == CircularDependencyHash() && !targetHash.IsValid()) || GetPathFromAssetGuidV2(key.GetGUID()).ends_with(".cs")'
UnityEditor.SceneManagement.EditorSceneManager:OpenScene_Injected(String, OpenSceneMode, Scene&)
UnityEditor.SceneManagement.EditorSceneManager:OpenScene(String, OpenSceneMode)
Unity.Scenes.Editor.SubSceneImporter:OnImportAsset(AssetImportContext) (at Packages\com.unity.entities@0.11.0-preview.7\Unity.Scenes.Editor\SubSceneImporter.cs:108)
UnityEditor.Experimental.AssetImporters.ScriptedImporter:GenerateAssetData(AssetImportContext)

[C:\buildslave\unity\build\Modules/AssetDatabase/Editor/V2/AssetResolveTracker.cpp line 27] 
(Filename: Packages/com.unity.entities@0.11.0-preview.7/Unity.Scenes.Editor/SubSceneImporter.cs Line: 108)

Assertion failed on expression: 'ins.second || ins.first->second == targetHash || (ins.first->second == CircularDependencyHash() && !targetHash.IsValid()) || GetPathFromAssetGuidV2(key.GetGUID()).ends_with(".cs")'
UnityEditor.SceneManagement.EditorSceneManager:OpenScene_Injected(String, OpenSceneMode, Scene&)
UnityEditor.SceneManagement.EditorSceneManager:OpenScene(String, OpenSceneMode)
Unity.Scenes.Editor.SubSceneImporter:OnImportAsset(AssetImportContext) (at Packages\com.unity.entities@0.11.0-preview.7\Unity.Scenes.Editor\SubSceneImporter.cs:108)
UnityEditor.Experimental.AssetImporters.ScriptedImporter:GenerateAssetData(AssetImportContext)

[C:\buildslave\unity\build\Modules/AssetDatabase/Editor/V2/AssetResolveTracker.cpp line 27] 
(Filename: Packages/com.unity.entities@0.11.0-preview.7/Unity.Scenes.Editor/SubSceneImporter.cs Line: 108)

Assertion failed on expression: 'ins.second || ins.first->second == targetHash || (ins.first->second == CircularDependencyHash() && !targetHash.IsValid()) || GetPathFromAssetGuidV2(key.GetGUID()).ends_with(".cs")'
UnityEditor.SceneManagement.EditorSceneManager:OpenScene_Injected(String, OpenSceneMode, Scene&)
UnityEditor.SceneManagement.EditorSceneManager:OpenScene(String, OpenSceneMode)
Unity.Scenes.Editor.SubSceneImporter:OnImportAsset(AssetImportContext) (at Packages\com.unity.entities@0.11.0-preview.7\Unity.Scenes.Editor\SubSceneImporter.cs:108)
UnityEditor.Experimental.AssetImporters.ScriptedImporter:GenerateAssetData(AssetImportContext)

[C:\buildslave\unity\build\Modules/AssetDatabase/Editor/V2/AssetResolveTracker.cpp line 27] 
(Filename: Packages/com.unity.entities@0.11.0-preview.7/Unity.Scenes.Editor/SubSceneImporter.cs Line: 108)

Assertion failed on expression: 'ins.second || ins.first->second == targetHash || (ins.first->second == CircularDependencyHash() && !targetHash.IsValid()) || GetPathFromAssetGuidV2(key.GetGUID()).ends_with(".cs")'
UnityEditor.SceneManagement.EditorSceneManager:OpenScene_Injected(String, OpenSceneMode, Scene&)
UnityEditor.SceneManagement.EditorSceneManager:OpenScene(String, OpenSceneMode)
Unity.Scenes.Editor.SubSceneImporter:OnImportAsset(AssetImportContext) (at Packages\com.unity.entities@0.11.0-preview.7\Unity.Scenes.Editor\SubSceneImporter.cs:108)
UnityEditor.Experimental.AssetImporters.ScriptedImporter:GenerateAssetData(AssetImportContext)

[C:\buildslave\unity\build\Modules/AssetDatabase/Editor/V2/AssetResolveTracker.cpp line 27] 
(Filename: Packages/com.unity.entities@0.11.0-preview.7/Unity.Scenes.Editor/SubSceneImporter.cs Line: 108)

Assertion failed on expression: 'ins.second || ins.first->second == targetHash || (ins.first->second == CircularDependencyHash() && !targetHash.IsValid()) || GetPathFromAssetGuidV2(key.GetGUID()).ends_with(".cs")'
UnityEditor.SceneManagement.EditorSceneManager:OpenScene_Injected(String, OpenSceneMode, Scene&)
UnityEditor.SceneManagement.EditorSceneManager:OpenScene(String, OpenSceneMode)
Unity.Scenes.Editor.SubSceneImporter:OnImportAsset(AssetImportContext) (at Packages\com.unity.entities@0.11.0-preview.7\Unity.Scenes.Editor\SubSceneImporter.cs:108)
UnityEditor.Experimental.AssetImporters.ScriptedImporter:GenerateAssetData(AssetImportContext)

[C:\buildslave\unity\build\Modules/AssetDatabase/Editor/V2/AssetResolveTracker.cpp line 27] 
(Filename: Packages/com.unity.entities@0.11.0-preview.7/Unity.Scenes.Editor/SubSceneImporter.cs Line: 108)

Assertion failed on expression: 'ins.second || ins.first->second == targetHash || (ins.first->second == CircularDependencyHash() && !targetHash.IsValid()) || GetPathFromAssetGuidV2(key.GetGUID()).ends_with(".cs")'
UnityEditor.SceneManagement.EditorSceneManager:OpenScene_Injected(String, OpenSceneMode, Scene&)
UnityEditor.SceneManagement.EditorSceneManager:OpenScene(String, OpenSceneMode)
Unity.Scenes.Editor.SubSceneImporter:OnImportAsset(AssetImportContext) (at Packages\com.unity.entities@0.11.0-preview.7\Unity.Scenes.Editor\SubSceneImporter.cs:108)
UnityEditor.Experimental.AssetImporters.ScriptedImporter:GenerateAssetData(AssetImportContext)

[C:\buildslave\unity\build\Modules/AssetDatabase/Editor/V2/AssetResolveTracker.cpp line 27] 
(Filename: Packages/com.unity.entities@0.11.0-preview.7/Unity.Scenes.Editor/SubSceneImporter.cs Line: 108)

Assertion failed on expression: 'ins.second || ins.first->second == targetHash || (ins.first->second == CircularDependencyHash() && !targetHash.IsValid()) || GetPathFromAssetGuidV2(key.GetGUID()).ends_with(".cs")'
UnityEditor.SceneManagement.EditorSceneManager:OpenScene_Injected(String, OpenSceneMode, Scene&)
UnityEditor.SceneManagement.EditorSceneManager:OpenScene(String, OpenSceneMode)
Unity.Scenes.Editor.SubSceneImporter:OnImportAsset(AssetImportContext) (at Packages\com.unity.entities@0.11.0-preview.7\Unity.Scenes.Editor\SubSceneImporter.cs:108)
UnityEditor.Experimental.AssetImporters.ScriptedImporter:GenerateAssetData(AssetImportContext)

[C:\buildslave\unity\build\Modules/AssetDatabase/Editor/V2/AssetResolveTracker.cpp line 27] 
(Filename: Packages/com.unity.entities@0.11.0-preview.7/Unity.Scenes.Editor/SubSceneImporter.cs Line: 108)

Assertion failed on expression: 'ins.second || ins.first->second == targetHash || (ins.first->second == CircularDependencyHash() && !targetHash.IsValid()) || GetPathFromAssetGuidV2(key.GetGUID()).ends_with(".cs")'
UnityEditor.SceneManagement.EditorSceneManager:OpenScene_Injected(String, OpenSceneMode, Scene&)
UnityEditor.SceneManagement.EditorSceneManager:OpenScene(String, OpenSceneMode)
Unity.Scenes.Editor.SubSceneImporter:OnImportAsset(AssetImportContext) (at Packages\com.unity.entities@0.11.0-preview.7\Unity.Scenes.Editor\SubSceneImporter.cs:108)
UnityEditor.Experimental.AssetImporters.ScriptedImporter:GenerateAssetData(AssetImportContext)

[C:\buildslave\unity\build\Modules/AssetDatabase/Editor/V2/AssetResolveTracker.cpp line 27] 
(Filename: Packages/com.unity.entities@0.11.0-preview.7/Unity.Scenes.Editor/SubSceneImporter.cs Line: 108)

Assertion failed on expression: 'ins.second || ins.first->second == targetHash || (ins.first->second == CircularDependencyHash() && !targetHash.IsValid()) || GetPathFromAssetGuidV2(key.GetGUID()).ends_with(".cs")'
UnityEditor.SceneManagement.EditorSceneManager:OpenScene_Injected(String, OpenSceneMode, Scene&)
UnityEditor.SceneManagement.EditorSceneManager:OpenScene(String, OpenSceneMode)
Unity.Scenes.Editor.SubSceneImporter:OnImportAsset(AssetImportContext) (at Packages\com.unity.entities@0.11.0-preview.7\Unity.Scenes.Editor\SubSceneImporter.cs:108)
UnityEditor.Experimental.AssetImporters.ScriptedImporter:GenerateAssetData(AssetImportContext)

[C:\buildslave\unity\build\Modules/AssetDatabase/Editor/V2/AssetResolveTracker.cpp line 27] 
(Filename: Packages/com.unity.entities@0.11.0-preview.7/Unity.Scenes.Editor/SubSceneImporter.cs Line: 108)

Assertion failed on expression: 'ins.second || ins.first->second == targetHash || (ins.first->second == CircularDependencyHash() && !targetHash.IsValid()) || GetPathFromAssetGuidV2(key.GetGUID()).ends_with(".cs")'
UnityEditor.SceneManagement.EditorSceneManager:OpenScene_Injected(String, OpenSceneMode, Scene&)
UnityEditor.SceneManagement.EditorSceneManager:OpenScene(String, OpenSceneMode)
Unity.Scenes.Editor.SubSceneImporter:OnImportAsset(AssetImportContext) (at Packages\com.unity.entities@0.11.0-preview.7\Unity.Scenes.Editor\SubSceneImporter.cs:108)
UnityEditor.Experimental.AssetImporters.ScriptedImporter:GenerateAssetData(AssetImportContext)

[C:\buildslave\unity\build\Modules/AssetDatabase/Editor/V2/AssetResolveTracker.cpp line 27] 
(Filename: Packages/com.unity.entities@0.11.0-preview.7/Unity.Scenes.Editor/SubSceneImporter.cs Line: 108)

Assertion failed on expression: 'ins.second || ins.first->second == targetHash || (ins.first->second == CircularDependencyHash() && !targetHash.IsValid()) || GetPathFromAssetGuidV2(key.GetGUID()).ends_with(".cs")'
UnityEditor.SceneManagement.EditorSceneManager:OpenScene_Injected(String, OpenSceneMode, Scene&)
UnityEditor.SceneManagement.EditorSceneManager:OpenScene(String, OpenSceneMode)
Unity.Scenes.Editor.SubSceneImporter:OnImportAsset(AssetImportContext) (at Packages\com.unity.entities@0.11.0-preview.7\Unity.Scenes.Editor\SubSceneImporter.cs:108)
UnityEditor.Experimental.AssetImporters.ScriptedImporter:GenerateAssetData(AssetImportContext)

[C:\buildslave\unity\build\Modules/AssetDatabase/Editor/V2/AssetResolveTracker.cpp line 27] 
(Filename: Packages/com.unity.entities@0.11.0-preview.7/Unity.Scenes.Editor/SubSceneImporter.cs Line: 108)

Assertion failed on expression: 'ins.second || ins.first->second == targetHash || (ins.first->second == CircularDependencyHash() && !targetHash.IsValid()) || GetPathFromAssetGuidV2(key.GetGUID()).ends_with(".cs")'
UnityEditor.SceneManagement.EditorSceneManager:OpenScene_Injected(String, OpenSceneMode, Scene&)
UnityEditor.SceneManagement.EditorSceneManager:OpenScene(String, OpenSceneMode)
Unity.Scenes.Editor.SubSceneImporter:OnImportAsset(AssetImportContext) (at Packages\com.unity.entities@0.11.0-preview.7\Unity.Scenes.Editor\SubSceneImporter.cs:108)
UnityEditor.Experimental.AssetImporters.ScriptedImporter:GenerateAssetData(AssetImportContext)

[C:\buildslave\unity\build\Modules/AssetDatabase/Editor/V2/AssetResolveTracker.cpp line 27] 
(Filename: Packages/com.unity.entities@0.11.0-preview.7/Unity.Scenes.Editor/SubSceneImporter.cs Line: 108)

Assertion failed on expression: 'ins.second || ins.first->second == targetHash || (ins.first->second == CircularDependencyHash() && !targetHash.IsValid()) || GetPathFromAssetGuidV2(key.GetGUID()).ends_with(".cs")'
UnityEditor.SceneManagement.EditorSceneManager:OpenScene_Injected(String, OpenSceneMode, Scene&)
UnityEditor.SceneManagement.EditorSceneManager:OpenScene(String, OpenSceneMode)
Unity.Scenes.Editor.SubSceneImporter:OnImportAsset(AssetImportContext) (at Packages\com.unity.entities@0.11.0-preview.7\Unity.Scenes.Editor\SubSceneImporter.cs:108)
UnityEditor.Experimental.AssetImporters.ScriptedImporter:GenerateAssetData(AssetImportContext)

[C:\buildslave\unity\build\Modules/AssetDatabase/Editor/V2/AssetResolveTracker.cpp line 27] 
(Filename: Packages/com.unity.entities@0.11.0-preview.7/Unity.Scenes.Editor/SubSceneImporter.cs Line: 108)

Assertion failed on expression: 'ins.second || ins.first->second == targetHash || (ins.first->second == CircularDependencyHash() && !targetHash.IsValid()) || GetPathFromAssetGuidV2(key.GetGUID()).ends_with(".cs")'
UnityEditor.SceneManagement.EditorSceneManager:OpenScene_Injected(String, OpenSceneMode, Scene&)
UnityEditor.SceneManagement.EditorSceneManager:OpenScene(String, OpenSceneMode)
Unity.Scenes.Editor.SubSceneImporter:OnImportAsset(AssetImportContext) (at Packages\com.unity.entities@0.11.0-preview.7\Unity.Scenes.Editor\SubSceneImporter.cs:108)
UnityEditor.Experimental.AssetImporters.ScriptedImporter:GenerateAssetData(AssetImportContext)

[C:\buildslave\unity\build\Modules/AssetDatabase/Editor/V2/AssetResolveTracker.cpp line 27] 
(Filename: Packages/com.unity.entities@0.11.0-preview.7/Unity.Scenes.Editor/SubSceneImporter.cs Line: 108)

Assertion failed on expression: 'ins.second || ins.first->second == targetHash || (ins.first->second == CircularDependencyHash() && !targetHash.IsValid()) || GetPathFromAssetGuidV2(key.GetGUID()).ends_with(".cs")'
UnityEditor.SceneManagement.EditorSceneManager:OpenScene_Injected(String, OpenSceneMode, Scene&)
UnityEditor.SceneManagement.EditorSceneManager:OpenScene(String, OpenSceneMode)
Unity.Scenes.Editor.SubSceneImporter:OnImportAsset(AssetImportContext) (at Packages\com.unity.entities@0.11.0-preview.7\Unity.Scenes.Editor\SubSceneImporter.cs:108)
UnityEditor.Experimental.AssetImporters.ScriptedImporter:GenerateAssetData(AssetImportContext)

[C:\buildslave\unity\build\Modules/AssetDatabase/Editor/V2/AssetResolveTracker.cpp line 27] 
(Filename: Packages/com.unity.entities@0.11.0-preview.7/Unity.Scenes.Editor/SubSceneImporter.cs Line: 108)

Assertion failed on expression: 'ins.second || ins.first->second == targetHash || (ins.first->second == CircularDependencyHash() && !targetHash.IsValid()) || GetPathFromAssetGuidV2(key.GetGUID()).ends_with(".cs")'
UnityEditor.SceneManagement.EditorSceneManager:OpenScene_Injected(String, OpenSceneMode, Scene&)
UnityEditor.SceneManagement.EditorSceneManager:OpenScene(String, OpenSceneMode)
Unity.Scenes.Editor.SubSceneImporter:OnImportAsset(AssetImportContext) (at Packages\com.unity.entities@0.11.0-preview.7\Unity.Scenes.Editor\SubSceneImporter.cs:108)
UnityEditor.Experimental.AssetImporters.ScriptedImporter:GenerateAssetData(AssetImportContext)

[C:\buildslave\unity\build\Modules/AssetDatabase/Editor/V2/AssetResolveTracker.cpp line 27] 
(Filename: Packages/com.unity.entities@0.11.0-preview.7/Unity.Scenes.Editor/SubSceneImporter.cs Line: 108)

Assertion failed on expression: 'ins.second || ins.first->second == targetHash || (ins.first->second == CircularDependencyHash() && !targetHash.IsValid()) || GetPathFromAssetGuidV2(key.GetGUID()).ends_with(".cs")'
UnityEditor.SceneManagement.EditorSceneManager:OpenScene_Injected(String, OpenSceneMode, Scene&)
UnityEditor.SceneManagement.EditorSceneManager:OpenScene(String, OpenSceneMode)
Unity.Scenes.Editor.SubSceneImporter:OnImportAsset(AssetImportContext) (at Packages\com.unity.entities@0.11.0-preview.7\Unity.Scenes.Editor\SubSceneImporter.cs:108)
UnityEditor.Experimental.AssetImporters.ScriptedImporter:GenerateAssetData(AssetImportContext)

[C:\buildslave\unity\build\Modules/AssetDatabase/Editor/V2/AssetResolveTracker.cpp line 27] 
(Filename: Packages/com.unity.entities@0.11.0-preview.7/Unity.Scenes.Editor/SubSceneImporter.cs Line: 108)

Assertion failed on expression: 'ins.second || ins.first->second == targetHash || (ins.first->second == CircularDependencyHash() && !targetHash.IsValid()) || GetPathFromAssetGuidV2(key.GetGUID()).ends_with(".cs")'
UnityEditor.SceneManagement.EditorSceneManager:OpenScene_Injected(String, OpenSceneMode, Scene&)
UnityEditor.SceneManagement.EditorSceneManager:OpenScene(String, OpenSceneMode)
Unity.Scenes.Editor.SubSceneImporter:OnImportAsset(AssetImportContext) (at Packages\com.unity.entities@0.11.0-preview.7\Unity.Scenes.Editor\SubSceneImporter.cs:108)
UnityEditor.Experimental.AssetImporters.ScriptedImporter:GenerateAssetData(AssetImportContext)

[C:\buildslave\unity\build\Modules/AssetDatabase/Editor/V2/AssetResolveTracker.cpp line 27] 
(Filename: Packages/com.unity.entities@0.11.0-preview.7/Unity.Scenes.Editor/SubSceneImporter.cs Line: 108)

Assertion failed on expression: 'ins.second || ins.first->second == targetHash || (ins.first->second == CircularDependencyHash() && !targetHash.IsValid()) || GetPathFromAssetGuidV2(key.GetGUID()).ends_with(".cs")'
UnityEditor.SceneManagement.EditorSceneManager:OpenScene_Injected(String, OpenSceneMode, Scene&)
UnityEditor.SceneManagement.EditorSceneManager:OpenScene(String, OpenSceneMode)
Unity.Scenes.Editor.SubSceneImporter:OnImportAsset(AssetImportContext) (at Packages\com.unity.entities@0.11.0-preview.7\Unity.Scenes.Editor\SubSceneImporter.cs:108)
UnityEditor.Experimental.AssetImporters.ScriptedImporter:GenerateAssetData(AssetImportContext)

[C:\buildslave\unity\build\Modules/AssetDatabase/Editor/V2/AssetResolveTracker.cpp line 27] 
(Filename: Packages/com.unity.entities@0.11.0-preview.7/Unity.Scenes.Editor/SubSceneImporter.cs Line: 108)

Assertion failed on expression: 'ins.second || ins.first->second == targetHash || (ins.first->second == CircularDependencyHash() && !targetHash.IsValid()) || GetPathFromAssetGuidV2(key.GetGUID()).ends_with(".cs")'
UnityEditor.SceneManagement.EditorSceneManager:OpenScene_Injected(String, OpenSceneMode, Scene&)
UnityEditor.SceneManagement.EditorSceneManager:OpenScene(String, OpenSceneMode)
Unity.Scenes.Editor.SubSceneImporter:OnImportAsset(AssetImportContext) (at Packages\com.unity.entities@0.11.0-preview.7\Unity.Scenes.Editor\SubSceneImporter.cs:108)
UnityEditor.Experimental.AssetImporters.ScriptedImporter:GenerateAssetData(AssetImportContext)

[C:\buildslave\unity\build\Modules/AssetDatabase/Editor/V2/AssetResolveTracker.cpp line 27] 
(Filename: Packages/com.unity.entities@0.11.0-preview.7/Unity.Scenes.Editor/SubSceneImporter.cs Line: 108)

Assertion failed on expression: 'ins.second || ins.first->second == targetHash || (ins.first->second == CircularDependencyHash() && !targetHash.IsValid()) || GetPathFromAssetGuidV2(key.GetGUID()).ends_with(".cs")'
UnityEditor.SceneManagement.EditorSceneManager:OpenScene_Injected(String, OpenSceneMode, Scene&)
UnityEditor.SceneManagement.EditorSceneManager:OpenScene(String, OpenSceneMode)
Unity.Scenes.Editor.SubSceneImporter:OnImportAsset(AssetImportContext) (at Packages\com.unity.entities@0.11.0-preview.7\Unity.Scenes.Editor\SubSceneImporter.cs:108)
UnityEditor.Experimental.AssetImporters.ScriptedImporter:GenerateAssetData(AssetImportContext)

[C:\buildslave\unity\build\Modules/AssetDatabase/Editor/V2/AssetResolveTracker.cpp line 27] 
(Filename: Packages/com.unity.entities@0.11.0-preview.7/Unity.Scenes.Editor/SubSceneImporter.cs Line: 108)

Assertion failed on expression: 'ins.second || ins.first->second == targetHash || (ins.first->second == CircularDependencyHash() && !targetHash.IsValid()) || GetPathFromAssetGuidV2(key.GetGUID()).ends_with(".cs")'
UnityEditor.SceneManagement.EditorSceneManager:OpenScene_Injected(String, OpenSceneMode, Scene&)
UnityEditor.SceneManagement.EditorSceneManager:OpenScene(String, OpenSceneMode)
Unity.Scenes.Editor.SubSceneImporter:OnImportAsset(AssetImportContext) (at Packages\com.unity.entities@0.11.0-preview.7\Unity.Scenes.Editor\SubSceneImporter.cs:108)
UnityEditor.Experimental.AssetImporters.ScriptedImporter:GenerateAssetData(AssetImportContext)

[C:\buildslave\unity\build\Modules/AssetDatabase/Editor/V2/AssetResolveTracker.cpp line 27] 
(Filename: Packages/com.unity.entities@0.11.0-preview.7/Unity.Scenes.Editor/SubSceneImporter.cs Line: 108)

Assertion failed on expression: 'ins.second || ins.first->second == targetHash || (ins.first->second == CircularDependencyHash() && !targetHash.IsValid()) || GetPathFromAssetGuidV2(key.GetGUID()).ends_with(".cs")'
UnityEditor.SceneManagement.EditorSceneManager:OpenScene_Injected(String, OpenSceneMode, Scene&)
UnityEditor.SceneManagement.EditorSceneManager:OpenScene(String, OpenSceneMode)
Unity.Scenes.Editor.SubSceneImporter:OnImportAsset(AssetImportContext) (at Packages\com.unity.entities@0.11.0-preview.7\Unity.Scenes.Editor\SubSceneImporter.cs:108)
UnityEditor.Experimental.AssetImporters.ScriptedImporter:GenerateAssetData(AssetImportContext)

[C:\buildslave\unity\build\Modules/AssetDatabase/Editor/V2/AssetResolveTracker.cpp line 27] 
(Filename: Packages/com.unity.entities@0.11.0-preview.7/Unity.Scenes.Editor/SubSceneImporter.cs Line: 108)

Assertion failed on expression: 'ins.second || ins.first->second == targetHash || (ins.first->second == CircularDependencyHash() && !targetHash.IsValid()) || GetPathFromAssetGuidV2(key.GetGUID()).ends_with(".cs")'
UnityEditor.SceneManagement.EditorSceneManager:OpenScene_Injected(String, OpenSceneMode, Scene&)
UnityEditor.SceneManagement.EditorSceneManager:OpenScene(String, OpenSceneMode)
Unity.Scenes.Editor.SubSceneImporter:OnImportAsset(AssetImportContext) (at Packages\com.unity.entities@0.11.0-preview.7\Unity.Scenes.Editor\SubSceneImporter.cs:108)
UnityEditor.Experimental.AssetImporters.ScriptedImporter:GenerateAssetData(AssetImportContext)

[C:\buildslave\unity\build\Modules/AssetDatabase/Editor/V2/AssetResolveTracker.cpp line 27] 
(Filename: Packages/com.unity.entities@0.11.0-preview.7/Unity.Scenes.Editor/SubSceneImporter.cs Line: 108)

Assertion failed on expression: 'ins.second || ins.first->second == targetHash || (ins.first->second == CircularDependencyHash() && !targetHash.IsValid()) || GetPathFromAssetGuidV2(key.GetGUID()).ends_with(".cs")'
UnityEditor.SceneManagement.EditorSceneManager:OpenScene_Injected(String, OpenSceneMode, Scene&)
UnityEditor.SceneManagement.EditorSceneManager:OpenScene(String, OpenSceneMode)
Unity.Scenes.Editor.SubSceneImporter:OnImportAsset(AssetImportContext) (at Packages\com.unity.entities@0.11.0-preview.7\Unity.Scenes.Editor\SubSceneImporter.cs:108)
UnityEditor.Experimental.AssetImporters.ScriptedImporter:GenerateAssetData(AssetImportContext)

[C:\buildslave\unity\build\Modules/AssetDatabase/Editor/V2/AssetResolveTracker.cpp line 27] 
(Filename: Packages/com.unity.entities@0.11.0-preview.7/Unity.Scenes.Editor/SubSceneImporter.cs Line: 108)

Assertion failed on expression: 'ins.second || ins.first->second == targetHash || (ins.first->second == CircularDependencyHash() && !targetHash.IsValid()) || GetPathFromAssetGuidV2(key.GetGUID()).ends_with(".cs")'
UnityEditor.SceneManagement.EditorSceneManager:OpenScene_Injected(String, OpenSceneMode, Scene&)
UnityEditor.SceneManagement.EditorSceneManager:OpenScene(String, OpenSceneMode)
Unity.Scenes.Editor.SubSceneImporter:OnImportAsset(AssetImportContext) (at Packages\com.unity.entities@0.11.0-preview.7\Unity.Scenes.Editor\SubSceneImporter.cs:108)
UnityEditor.Experimental.AssetImporters.ScriptedImporter:GenerateAssetData(AssetImportContext)

[C:\buildslave\unity\build\Modules/AssetDatabase/Editor/V2/AssetResolveTracker.cpp line 27] 
(Filename: Packages/com.unity.entities@0.11.0-preview.7/Unity.Scenes.Editor/SubSceneImporter.cs Line: 108)

Assertion failed on expression: 'ins.second || ins.first->second == targetHash || (ins.first->second == CircularDependencyHash() && !targetHash.IsValid()) || GetPathFromAssetGuidV2(key.GetGUID()).ends_with(".cs")'
UnityEditor.SceneManagement.EditorSceneManager:OpenScene_Injected(String, OpenSceneMode, Scene&)
UnityEditor.SceneManagement.EditorSceneManager:OpenScene(String, OpenSceneMode)
Unity.Scenes.Editor.SubSceneImporter:OnImportAsset(AssetImportContext) (at Packages\com.unity.entities@0.11.0-preview.7\Unity.Scenes.Editor\SubSceneImporter.cs:108)
UnityEditor.Experimental.AssetImporters.ScriptedImporter:GenerateAssetData(AssetImportContext)

[C:\buildslave\unity\build\Modules/AssetDatabase/Editor/V2/AssetResolveTracker.cpp line 27] 
(Filename: Packages/com.unity.entities@0.11.0-preview.7/Unity.Scenes.Editor/SubSceneImporter.cs Line: 108)

Assertion failed on expression: 'ins.second || ins.first->second == targetHash || (ins.first->second == CircularDependencyHash() && !targetHash.IsValid()) || GetPathFromAssetGuidV2(key.GetGUID()).ends_with(".cs")'
UnityEditor.SceneManagement.EditorSceneManager:OpenScene_Injected(String, OpenSceneMode, Scene&)
UnityEditor.SceneManagement.EditorSceneManager:OpenScene(String, OpenSceneMode)
Unity.Scenes.Editor.SubSceneImporter:OnImportAsset(AssetImportContext) (at Packages\com.unity.entities@0.11.0-preview.7\Unity.Scenes.Editor\SubSceneImporter.cs:108)
UnityEditor.Experimental.AssetImporters.ScriptedImporter:GenerateAssetData(AssetImportContext)

[C:\buildslave\unity\build\Modules/AssetDatabase/Editor/V2/AssetResolveTracker.cpp line 27] 
(Filename: Packages/com.unity.entities@0.11.0-preview.7/Unity.Scenes.Editor/SubSceneImporter.cs Line: 108)

Assertion failed on expression: 'ins.second || ins.first->second == targetHash || (ins.first->second == CircularDependencyHash() && !targetHash.IsValid()) || GetPathFromAssetGuidV2(key.GetGUID()).ends_with(".cs")'
UnityEditor.SceneManagement.EditorSceneManager:OpenScene_Injected(String, OpenSceneMode, Scene&)
UnityEditor.SceneManagement.EditorSceneManager:OpenScene(String, OpenSceneMode)
Unity.Scenes.Editor.SubSceneImporter:OnImportAsset(AssetImportContext) (at Packages\com.unity.entities@0.11.0-preview.7\Unity.Scenes.Editor\SubSceneImporter.cs:108)
UnityEditor.Experimental.AssetImporters.ScriptedImporter:GenerateAssetData(AssetImportContext)

[C:\buildslave\unity\build\Modules/AssetDatabase/Editor/V2/AssetResolveTracker.cpp line 27] 
(Filename: Packages/com.unity.entities@0.11.0-preview.7/Unity.Scenes.Editor/SubSceneImporter.cs Line: 108)

Assertion failed on expression: 'ins.second || ins.first->second == targetHash || (ins.first->second == CircularDependencyHash() && !targetHash.IsValid()) || GetPathFromAssetGuidV2(key.GetGUID()).ends_with(".cs")'
UnityEditor.SceneManagement.EditorSceneManager:OpenScene_Injected(String, OpenSceneMode, Scene&)
UnityEditor.SceneManagement.EditorSceneManager:OpenScene(String, OpenSceneMode)
Unity.Scenes.Editor.SubSceneImporter:OnImportAsset(AssetImportContext) (at Packages\com.unity.entities@0.11.0-preview.7\Unity.Scenes.Editor\SubSceneImporter.cs:108)
UnityEditor.Experimental.AssetImporters.ScriptedImporter:GenerateAssetData(AssetImportContext)

[C:\buildslave\unity\build\Modules/AssetDatabase/Editor/V2/AssetResolveTracker.cpp line 27] 
(Filename: Packages/com.unity.entities@0.11.0-preview.7/Unity.Scenes.Editor/SubSceneImporter.cs Line: 108)

Assertion failed on expression: 'ins.second || ins.first->second == targetHash || (ins.first->second == CircularDependencyHash() && !targetHash.IsValid()) || GetPathFromAssetGuidV2(key.GetGUID()).ends_with(".cs")'
UnityEditor.SceneManagement.EditorSceneManager:OpenScene_Injected(String, OpenSceneMode, Scene&)
UnityEditor.SceneManagement.EditorSceneManager:OpenScene(String, OpenSceneMode)
Unity.Scenes.Editor.SubSceneImporter:OnImportAsset(AssetImportContext) (at Packages\com.unity.entities@0.11.0-preview.7\Unity.Scenes.Editor\SubSceneImporter.cs:108)
UnityEditor.Experimental.AssetImporters.ScriptedImporter:GenerateAssetData(AssetImportContext)

[C:\buildslave\unity\build\Modules/AssetDatabase/Editor/V2/AssetResolveTracker.cpp line 27] 
(Filename: Packages/com.unity.entities@0.11.0-preview.7/Unity.Scenes.Editor/SubSceneImporter.cs Line: 108)

Assertion failed on expression: 'ins.second || ins.first->second == targetHash || (ins.first->second == CircularDependencyHash() && !targetHash.IsValid()) || GetPathFromAssetGuidV2(key.GetGUID()).ends_with(".cs")'
UnityEditor.SceneManagement.EditorSceneManager:OpenScene_Injected(String, OpenSceneMode, Scene&)
UnityEditor.SceneManagement.EditorSceneManager:OpenScene(String, OpenSceneMode)
Unity.Scenes.Editor.SubSceneImporter:OnImportAsset(AssetImportContext) (at Packages\com.unity.entities@0.11.0-preview.7\Unity.Scenes.Editor\SubSceneImporter.cs:108)
UnityEditor.Experimental.AssetImporters.ScriptedImporter:GenerateAssetData(AssetImportContext)

[C:\buildslave\unity\build\Modules/AssetDatabase/Editor/V2/AssetResolveTracker.cpp line 27] 
(Filename: Packages/com.unity.entities@0.11.0-preview.7/Unity.Scenes.Editor/SubSceneImporter.cs Line: 108)

Assertion failed on expression: 'ins.second || ins.first->second == targetHash || (ins.first->second == CircularDependencyHash() && !targetHash.IsValid()) || GetPathFromAssetGuidV2(key.GetGUID()).ends_with(".cs")'
UnityEditor.SceneManagement.EditorSceneManager:OpenScene_Injected(String, OpenSceneMode, Scene&)
UnityEditor.SceneManagement.EditorSceneManager:OpenScene(String, OpenSceneMode)
Unity.Scenes.Editor.SubSceneImporter:OnImportAsset(AssetImportContext) (at Packages\com.unity.entities@0.11.0-preview.7\Unity.Scenes.Editor\SubSceneImporter.cs:108)
UnityEditor.Experimental.AssetImporters.ScriptedImporter:GenerateAssetData(AssetImportContext)

[C:\buildslave\unity\build\Modules/AssetDatabase/Editor/V2/AssetResolveTracker.cpp line 27] 
(Filename: Packages/com.unity.entities@0.11.0-preview.7/Unity.Scenes.Editor/SubSceneImporter.cs Line: 108)

Assertion failed on expression: 'ins.second || ins.first->second == targetHash || (ins.first->second == CircularDependencyHash() && !targetHash.IsValid()) || GetPathFromAssetGuidV2(key.GetGUID()).ends_with(".cs")'
UnityEditor.SceneManagement.EditorSceneManager:OpenScene_Injected(String, OpenSceneMode, Scene&)
UnityEditor.SceneManagement.EditorSceneManager:OpenScene(String, OpenSceneMode)
Unity.Scenes.Editor.SubSceneImporter:OnImportAsset(AssetImportContext) (at Packages\com.unity.entities@0.11.0-preview.7\Unity.Scenes.Editor\SubSceneImporter.cs:108)
UnityEditor.Experimental.AssetImporters.ScriptedImporter:GenerateAssetData(AssetImportContext)

[C:\buildslave\unity\build\Modules/AssetDatabase/Editor/V2/AssetResolveTracker.cpp line 27] 
(Filename: Packages/com.unity.entities@0.11.0-preview.7/Unity.Scenes.Editor/SubSceneImporter.cs Line: 108)

Loaded scene 'Assets/Scenes/SampleScene/SomeSubScene.unity'
	Deserialize:            2.862 ms
	Integration:            29.799 ms
	Integration of assets:  0.004 ms
	Thread Wait Time:       16.888 ms
	Total Operation Time:   49.553 ms
 -> (target hash: '31796af8db81937d6d59e9ca80abbd1b') in 7.096045 seconds
  Import took 7.105787 seconds .

AssetImportWorkerClient::OnTransportError - code=2 error=End of file
